[0.058s] DEBUG:colcon:Command line arguments: ['/usr/bin/colcon', 'build', '--symlink-install']
[0.058s] DEBUG:colcon:Parsed command line arguments: Namespace(log_base=None, log_level=None, verb_name='build', build_base='build', install_base='install', merge_install=False, symlink_install=True, test_result_base=None, continue_on_error=False, executor='parallel', parallel_workers=16, event_handlers=None, ignore_user_meta=False, metas=['./colcon.meta'], base_paths=['.'], packages_ignore=None, packages_ignore_regex=None, paths=None, packages_up_to=None, packages_up_to_regex=None, packages_above=None, packages_above_and_dependencies=None, packages_above_depth=None, packages_select_by_dep=None, packages_skip_by_dep=None, packages_skip_up_to=None, packages_select_build_failed=False, packages_skip_build_finished=False, packages_select_test_failures=False, packages_skip_test_passed=False, packages_select=None, packages_skip=None, packages_select_regex=None, packages_skip_regex=None, packages_start=None, packages_end=None, allow_overriding=[], cmake_args=None, cmake_target=None, cmake_target_skip_unavailable=False, cmake_clean_cache=False, cmake_clean_first=False, cmake_force_configure=False, ament_cmake_args=None, catkin_cmake_args=None, catkin_skip_building_tests=False, mixin_files=None, mixin=None, verb_parser=<colcon_mixin.mixin.mixin_argument.MixinArgumentDecorator object at 0x782a19d9eb70>, verb_extension=<colcon_core.verb.build.BuildVerb object at 0x782a19ec66f0>, main=<bound method BuildVerb.main of <colcon_core.verb.build.BuildVerb object at 0x782a19ec66f0>>, mixin_verb=('build',))
[0.080s] Level 1:colcon.colcon_core.package_discovery:discover_packages(colcon_meta) check parameters
[0.080s] Level 1:colcon.colcon_core.package_discovery:discover_packages(recursive) check parameters
[0.080s] Level 1:colcon.colcon_core.package_discovery:discover_packages(ignore) check parameters
[0.080s] Level 1:colcon.colcon_core.package_discovery:discover_packages(path) check parameters
[0.080s] Level 1:colcon.colcon_core.package_discovery:discover_packages(colcon_meta) discover
[0.080s] Level 1:colcon.colcon_core.package_discovery:discover_packages(recursive) discover
[0.080s] INFO:colcon.colcon_core.package_discovery:Crawling recursively for packages in '/home/jw/ros2_practice'
[0.080s] Level 1:colcon.colcon_core.package_identification:_identify(.) by extensions ['ignore', 'ignore_ament_install']
[0.080s] Level 1:colcon.colcon_core.package_identification:_identify(.) by extension 'ignore'
[0.080s] Level 1:colcon.colcon_core.package_identification:_identify(.) by extension 'ignore_ament_install'
[0.080s] Level 1:colcon.colcon_core.package_identification:_identify(.) by extensions ['colcon_pkg']
[0.080s] Level 1:colcon.colcon_core.package_identification:_identify(.) by extension 'colcon_pkg'
[0.080s] Level 1:colcon.colcon_core.package_identification:_identify(.) by extensions ['colcon_meta']
[0.080s] Level 1:colcon.colcon_core.package_identification:_identify(.) by extension 'colcon_meta'
[0.080s] Level 1:colcon.colcon_core.package_identification:_identify(.) by extensions ['ros']
[0.080s] Level 1:colcon.colcon_core.package_identification:_identify(.) by extension 'ros'
[0.095s] Level 1:colcon.colcon_core.package_identification:_identify(.) by extensions ['cmake', 'python']
[0.095s] Level 1:colcon.colcon_core.package_identification:_identify(.) by extension 'cmake'
[0.095s] Level 1:colcon.colcon_core.package_identification:_identify(.) by extension 'python'
[0.095s] Level 1:colcon.colcon_core.package_identification:_identify(.) by extensions ['python_setup_py']
[0.095s] Level 1:colcon.colcon_core.package_identification:_identify(.) by extension 'python_setup_py'
[0.095s] Level 1:colcon.colcon_core.package_identification:_identify(build) by extensions ['ignore', 'ignore_ament_install']
[0.095s] Level 1:colcon.colcon_core.package_identification:_identify(build) by extension 'ignore'
[0.095s] Level 1:colcon.colcon_core.package_identification:_identify(build) ignored
[0.095s] Level 1:colcon.colcon_core.package_identification:_identify(install) by extensions ['ignore', 'ignore_ament_install']
[0.095s] Level 1:colcon.colcon_core.package_identification:_identify(install) by extension 'ignore'
[0.095s] Level 1:colcon.colcon_core.package_identification:_identify(install) ignored
[0.095s] Level 1:colcon.colcon_core.package_identification:_identify(log) by extensions ['ignore', 'ignore_ament_install']
[0.095s] Level 1:colcon.colcon_core.package_identification:_identify(log) by extension 'ignore'
[0.095s] Level 1:colcon.colcon_core.package_identification:_identify(log) ignored
[0.095s] Level 1:colcon.colcon_core.package_identification:_identify(src) by extensions ['ignore', 'ignore_ament_install']
[0.095s] Level 1:colcon.colcon_core.package_identification:_identify(src) by extension 'ignore'
[0.095s] Level 1:colcon.colcon_core.package_identification:_identify(src) by extension 'ignore_ament_install'
[0.095s] Level 1:colcon.colcon_core.package_identification:_identify(src) by extensions ['colcon_pkg']
[0.095s] Level 1:colcon.colcon_core.package_identification:_identify(src) by extension 'colcon_pkg'
[0.095s] Level 1:colcon.colcon_core.package_identification:_identify(src) by extensions ['colcon_meta']
[0.095s] Level 1:colcon.colcon_core.package_identification:_identify(src) by extension 'colcon_meta'
[0.095s] Level 1:colcon.colcon_core.package_identification:_identify(src) by extensions ['ros']
[0.095s] Level 1:colcon.colcon_core.package_identification:_identify(src) by extension 'ros'
[0.095s] Level 1:colcon.colcon_core.package_identification:_identify(src) by extensions ['cmake', 'python']
[0.095s] Level 1:colcon.colcon_core.package_identification:_identify(src) by extension 'cmake'
[0.095s] Level 1:colcon.colcon_core.package_identification:_identify(src) by extension 'python'
[0.095s] Level 1:colcon.colcon_core.package_identification:_identify(src) by extensions ['python_setup_py']
[0.095s] Level 1:colcon.colcon_core.package_identification:_identify(src) by extension 'python_setup_py'
[0.095s] Level 1:colcon.colcon_core.package_identification:_identify(src/log) by extensions ['ignore', 'ignore_ament_install']
[0.095s] Level 1:colcon.colcon_core.package_identification:_identify(src/log) by extension 'ignore'
[0.095s] Level 1:colcon.colcon_core.package_identification:_identify(src/log) ignored
[0.095s] Level 1:colcon.colcon_core.package_identification:_identify(src/my_interfaces) by extensions ['ignore', 'ignore_ament_install']
[0.095s] Level 1:colcon.colcon_core.package_identification:_identify(src/my_interfaces) by extension 'ignore'
[0.096s] Level 1:colcon.colcon_core.package_identification:_identify(src/my_interfaces) by extension 'ignore_ament_install'
[0.096s] Level 1:colcon.colcon_core.package_identification:_identify(src/my_interfaces) by extensions ['colcon_pkg']
[0.096s] Level 1:colcon.colcon_core.package_identification:_identify(src/my_interfaces) by extension 'colcon_pkg'
[0.096s] Level 1:colcon.colcon_core.package_identification:_identify(src/my_interfaces) by extensions ['colcon_meta']
[0.096s] Level 1:colcon.colcon_core.package_identification:_identify(src/my_interfaces) by extension 'colcon_meta'
[0.096s] Level 1:colcon.colcon_core.package_identification:_identify(src/my_interfaces) by extensions ['ros']
[0.096s] Level 1:colcon.colcon_core.package_identification:_identify(src/my_interfaces) by extension 'ros'
[0.097s] DEBUG:colcon.colcon_core.package_identification:Package 'src/my_interfaces' with type 'ros.ament_cmake' and name 'my_interfaces'
[0.097s] Level 1:colcon.colcon_core.package_identification:_identify(src/my_service_pkg) by extensions ['ignore', 'ignore_ament_install']
[0.097s] Level 1:colcon.colcon_core.package_identification:_identify(src/my_service_pkg) by extension 'ignore'
[0.097s] Level 1:colcon.colcon_core.package_identification:_identify(src/my_service_pkg) by extension 'ignore_ament_install'
[0.097s] Level 1:colcon.colcon_core.package_identification:_identify(src/my_service_pkg) by extensions ['colcon_pkg']
[0.097s] Level 1:colcon.colcon_core.package_identification:_identify(src/my_service_pkg) by extension 'colcon_pkg'
[0.097s] Level 1:colcon.colcon_core.package_identification:_identify(src/my_service_pkg) by extensions ['colcon_meta']
[0.097s] Level 1:colcon.colcon_core.package_identification:_identify(src/my_service_pkg) by extension 'colcon_meta'
[0.097s] Level 1:colcon.colcon_core.package_identification:_identify(src/my_service_pkg) by extensions ['ros']
[0.097s] Level 1:colcon.colcon_core.package_identification:_identify(src/my_service_pkg) by extension 'ros'
[0.097s] DEBUG:colcon.colcon_core.package_identification:Package 'src/my_service_pkg' with type 'ros.ament_python' and name 'my_service_pkg'
[0.097s] Level 1:colcon.colcon_core.package_discovery:discover_packages(recursive) using defaults
[0.097s] Level 1:colcon.colcon_core.package_discovery:discover_packages(ignore) discover
[0.097s] Level 1:colcon.colcon_core.package_discovery:discover_packages(ignore) using defaults
[0.097s] Level 1:colcon.colcon_core.package_discovery:discover_packages(path) discover
[0.097s] Level 1:colcon.colcon_core.package_discovery:discover_packages(path) using defaults
[0.107s] Level 1:colcon.colcon_core.package_discovery:discover_packages(prefix_path) check parameters
[0.107s] Level 1:colcon.colcon_core.package_discovery:discover_packages(prefix_path) discover
[0.107s] WARNING:colcon.colcon_ros.prefix_path.ament:The path '/home/jw/ros2_practice/install/my_interfaces' in the environment variable AMENT_PREFIX_PATH doesn't exist
[0.107s] WARNING:colcon.colcon_ros.prefix_path.ament:The path '/home/jw/ros2_practice/install/my_service_pkg' in the environment variable AMENT_PREFIX_PATH doesn't exist
[0.108s] WARNING:colcon.colcon_ros.prefix_path.catkin:The path '/home/jw/ros2_practice/install/my_interfaces' in the environment variable CMAKE_PREFIX_PATH doesn't exist
[0.108s] DEBUG:colcon.colcon_installed_package_information.package_discovery:Found 0 installed packages in /home/jw/ros2_practice/install
[0.109s] DEBUG:colcon.colcon_installed_package_information.package_discovery:Found 21 installed packages in /home/jw/ros2_ws/install
[0.112s] DEBUG:colcon.colcon_installed_package_information.package_discovery:Found 430 installed packages in /opt/ros/jazzy
[0.113s] Level 1:colcon.colcon_core.package_discovery:discover_packages(prefix_path) using defaults
[0.143s] Level 5:colcon.colcon_core.verb:set package 'my_interfaces' build argument 'cmake_args' from command line to 'None'
[0.143s] Level 5:colcon.colcon_core.verb:set package 'my_interfaces' build argument 'cmake_target' from command line to 'None'
[0.143s] Level 5:colcon.colcon_core.verb:set package 'my_interfaces' build argument 'cmake_target_skip_unavailable' from command line to 'False'
[0.143s] Level 5:colcon.colcon_core.verb:set package 'my_interfaces' build argument 'cmake_clean_cache' from command line to 'False'
[0.143s] Level 5:colcon.colcon_core.verb:set package 'my_interfaces' build argument 'cmake_clean_first' from command line to 'False'
[0.143s] Level 5:colcon.colcon_core.verb:set package 'my_interfaces' build argument 'cmake_force_configure' from command line to 'False'
[0.143s] Level 5:colcon.colcon_core.verb:set package 'my_interfaces' build argument 'ament_cmake_args' from command line to 'None'
[0.143s] Level 5:colcon.colcon_core.verb:set package 'my_interfaces' build argument 'catkin_cmake_args' from command line to 'None'
[0.143s] Level 5:colcon.colcon_core.verb:set package 'my_interfaces' build argument 'catkin_skip_building_tests' from command line to 'False'
[0.143s] DEBUG:colcon.colcon_core.verb:Building package 'my_interfaces' with the following arguments: {'ament_cmake_args': None, 'build_base': '/home/jw/ros2_practice/build/my_interfaces', 'catkin_cmake_args': None, 'catkin_skip_building_tests': False, 'cmake_args': None, 'cmake_clean_cache': False, 'cmake_clean_first': False, 'cmake_force_configure': False, 'cmake_target': None, 'cmake_target_skip_unavailable': False, 'install_base': '/home/jw/ros2_practice/install/my_interfaces', 'merge_install': False, 'path': '/home/jw/ros2_practice/src/my_interfaces', 'symlink_install': True, 'test_result_base': None}
[0.144s] Level 5:colcon.colcon_core.verb:set package 'my_service_pkg' build argument 'cmake_args' from command line to 'None'
[0.144s] Level 5:colcon.colcon_core.verb:set package 'my_service_pkg' build argument 'cmake_target' from command line to 'None'
[0.144s] Level 5:colcon.colcon_core.verb:set package 'my_service_pkg' build argument 'cmake_target_skip_unavailable' from command line to 'False'
[0.144s] Level 5:colcon.colcon_core.verb:set package 'my_service_pkg' build argument 'cmake_clean_cache' from command line to 'False'
[0.144s] Level 5:colcon.colcon_core.verb:set package 'my_service_pkg' build argument 'cmake_clean_first' from command line to 'False'
[0.144s] Level 5:colcon.colcon_core.verb:set package 'my_service_pkg' build argument 'cmake_force_configure' from command line to 'False'
[0.144s] Level 5:colcon.colcon_core.verb:set package 'my_service_pkg' build argument 'ament_cmake_args' from command line to 'None'
[0.144s] Level 5:colcon.colcon_core.verb:set package 'my_service_pkg' build argument 'catkin_cmake_args' from command line to 'None'
[0.144s] Level 5:colcon.colcon_core.verb:set package 'my_service_pkg' build argument 'catkin_skip_building_tests' from command line to 'False'
[0.144s] DEBUG:colcon.colcon_core.verb:Building package 'my_service_pkg' with the following arguments: {'ament_cmake_args': None, 'build_base': '/home/jw/ros2_practice/build/my_service_pkg', 'catkin_cmake_args': None, 'catkin_skip_building_tests': False, 'cmake_args': None, 'cmake_clean_cache': False, 'cmake_clean_first': False, 'cmake_force_configure': False, 'cmake_target': None, 'cmake_target_skip_unavailable': False, 'install_base': '/home/jw/ros2_practice/install/my_service_pkg', 'merge_install': False, 'path': '/home/jw/ros2_practice/src/my_service_pkg', 'symlink_install': True, 'test_result_base': None}
[0.144s] INFO:colcon.colcon_core.executor:Executing jobs using 'parallel' executor
[0.144s] DEBUG:colcon.colcon_parallel_executor.executor.parallel:run_until_complete
[0.144s] INFO:colcon.colcon_ros.task.ament_cmake.build:Building ROS package in '/home/jw/ros2_practice/src/my_interfaces' with build type 'ament_cmake'
[0.145s] INFO:colcon.colcon_cmake.task.cmake.build:Building CMake package in '/home/jw/ros2_practice/src/my_interfaces'
[0.146s] INFO:colcon.colcon_core.plugin_system:Skipping extension 'colcon_core.shell.bat': Not used on non-Windows systems
[0.146s] INFO:colcon.colcon_core.shell:Skip shell extension 'powershell' for command environment: Not usable outside of PowerShell
[0.146s] DEBUG:colcon.colcon_core.shell:Skip shell extension 'dsv' for command environment
[0.155s] DEBUG:colcon.colcon_core.event_handler.log_command:Invoking command in '/home/jw/ros2_practice/build/my_interfaces': CMAKE_PREFIX_PATH=${CMAKE_PREFIX_PATH}:/home/jw/ros2_practice/install/my_service_pkg:/home/jw/ros2_ws/install/dsr_visualservoing:/home/jw/ros2_ws/install/dsr_tests:/home/jw/ros2_ws/install/dsr_bringup2:/home/jw/ros2_ws/install/dsr_example:/opt/ros/jazzy DEBUGINFOD_URLS=https://debuginfod.ubuntu.com /usr/bin/cmake /home/jw/ros2_practice/src/my_interfaces -DAMENT_CMAKE_SYMLINK_INSTALL=1 -DCMAKE_INSTALL_PREFIX=/home/jw/ros2_practice/install/my_interfaces
[2.576s] DEBUG:colcon.colcon_core.event_handler.log_command:Invoked command in '/home/jw/ros2_practice/build/my_interfaces' returned '0': CMAKE_PREFIX_PATH=${CMAKE_PREFIX_PATH}:/home/jw/ros2_practice/install/my_service_pkg:/home/jw/ros2_ws/install/dsr_visualservoing:/home/jw/ros2_ws/install/dsr_tests:/home/jw/ros2_ws/install/dsr_bringup2:/home/jw/ros2_ws/install/dsr_example:/opt/ros/jazzy DEBUGINFOD_URLS=https://debuginfod.ubuntu.com /usr/bin/cmake /home/jw/ros2_practice/src/my_interfaces -DAMENT_CMAKE_SYMLINK_INSTALL=1 -DCMAKE_INSTALL_PREFIX=/home/jw/ros2_practice/install/my_interfaces
[2.577s] DEBUG:colcon.colcon_core.event_handler.log_command:Invoking command in '/home/jw/ros2_practice/build/my_interfaces': CMAKE_PREFIX_PATH=${CMAKE_PREFIX_PATH}:/home/jw/ros2_practice/install/my_service_pkg:/home/jw/ros2_ws/install/dsr_visualservoing:/home/jw/ros2_ws/install/dsr_tests:/home/jw/ros2_ws/install/dsr_bringup2:/home/jw/ros2_ws/install/dsr_example:/opt/ros/jazzy DEBUGINFOD_URLS=https://debuginfod.ubuntu.com /usr/bin/cmake --build /home/jw/ros2_practice/build/my_interfaces -- -j16 -l16
[4.147s] DEBUG:colcon.colcon_core.event_handler.log_command:Invoked command in '/home/jw/ros2_practice/build/my_interfaces' returned '0': CMAKE_PREFIX_PATH=${CMAKE_PREFIX_PATH}:/home/jw/ros2_practice/install/my_service_pkg:/home/jw/ros2_ws/install/dsr_visualservoing:/home/jw/ros2_ws/install/dsr_tests:/home/jw/ros2_ws/install/dsr_bringup2:/home/jw/ros2_ws/install/dsr_example:/opt/ros/jazzy DEBUGINFOD_URLS=https://debuginfod.ubuntu.com /usr/bin/cmake --build /home/jw/ros2_practice/build/my_interfaces -- -j16 -l16
[4.158s] DEBUG:colcon.colcon_core.event_handler.log_command:Invoking command in '/home/jw/ros2_practice/build/my_interfaces': CMAKE_PREFIX_PATH=${CMAKE_PREFIX_PATH}:/home/jw/ros2_practice/install/my_service_pkg:/home/jw/ros2_ws/install/dsr_visualservoing:/home/jw/ros2_ws/install/dsr_tests:/home/jw/ros2_ws/install/dsr_bringup2:/home/jw/ros2_ws/install/dsr_example:/opt/ros/jazzy DEBUGINFOD_URLS=https://debuginfod.ubuntu.com /usr/bin/cmake --install /home/jw/ros2_practice/build/my_interfaces
[4.765s] Level 1:colcon.colcon_core.environment:create_environment_scripts_only(my_interfaces)
[4.765s] DEBUG:colcon.colcon_core.event_handler.log_command:Invoked command in '/home/jw/ros2_practice/build/my_interfaces' returned '0': CMAKE_PREFIX_PATH=${CMAKE_PREFIX_PATH}:/home/jw/ros2_practice/install/my_service_pkg:/home/jw/ros2_ws/install/dsr_visualservoing:/home/jw/ros2_ws/install/dsr_tests:/home/jw/ros2_ws/install/dsr_bringup2:/home/jw/ros2_ws/install/dsr_example:/opt/ros/jazzy DEBUGINFOD_URLS=https://debuginfod.ubuntu.com /usr/bin/cmake --install /home/jw/ros2_practice/build/my_interfaces
[4.768s] Level 1:colcon.colcon_core.environment:checking '/home/jw/ros2_practice/install/my_interfaces' for CMake module files
[4.768s] Level 1:colcon.colcon_core.environment:checking '/home/jw/ros2_practice/install/my_interfaces' for CMake config files
[4.769s] Level 1:colcon.colcon_core.shell:create_environment_hook('my_interfaces', 'cmake_prefix_path')
[4.769s] INFO:colcon.colcon_core.shell:Creating environment hook '/home/jw/ros2_practice/install/my_interfaces/share/my_interfaces/hook/cmake_prefix_path.ps1'
[4.769s] INFO:colcon.colcon_core.shell:Creating environment descriptor '/home/jw/ros2_practice/install/my_interfaces/share/my_interfaces/hook/cmake_prefix_path.dsv'
[4.769s] INFO:colcon.colcon_core.shell:Creating environment hook '/home/jw/ros2_practice/install/my_interfaces/share/my_interfaces/hook/cmake_prefix_path.sh'
[4.770s] Level 1:colcon.colcon_core.environment:checking '/home/jw/ros2_practice/install/my_interfaces/lib'
[4.770s] Level 1:colcon.colcon_core.shell:create_environment_hook('my_interfaces', 'ld_library_path_lib')
[4.770s] INFO:colcon.colcon_core.shell:Creating environment hook '/home/jw/ros2_practice/install/my_interfaces/share/my_interfaces/hook/ld_library_path_lib.ps1'
[4.770s] INFO:colcon.colcon_core.shell:Creating environment descriptor '/home/jw/ros2_practice/install/my_interfaces/share/my_interfaces/hook/ld_library_path_lib.dsv'
[4.770s] INFO:colcon.colcon_core.shell:Creating environment hook '/home/jw/ros2_practice/install/my_interfaces/share/my_interfaces/hook/ld_library_path_lib.sh'
[4.770s] Level 1:colcon.colcon_core.environment:checking '/home/jw/ros2_practice/install/my_interfaces/bin'
[4.770s] Level 1:colcon.colcon_core.environment:checking '/home/jw/ros2_practice/install/my_interfaces/lib/pkgconfig/my_interfaces.pc'
[4.770s] Level 1:colcon.colcon_core.environment:checking '/home/jw/ros2_practice/install/my_interfaces/lib/python3.12/site-packages'
[4.771s] Level 1:colcon.colcon_core.shell:create_environment_hook('my_interfaces', 'pythonpath')
[4.771s] INFO:colcon.colcon_core.shell:Creating environment hook '/home/jw/ros2_practice/install/my_interfaces/share/my_interfaces/hook/pythonpath.ps1'
[4.771s] INFO:colcon.colcon_core.shell:Creating environment descriptor '/home/jw/ros2_practice/install/my_interfaces/share/my_interfaces/hook/pythonpath.dsv'
[4.771s] INFO:colcon.colcon_core.shell:Creating environment hook '/home/jw/ros2_practice/install/my_interfaces/share/my_interfaces/hook/pythonpath.sh'
[4.771s] Level 1:colcon.colcon_core.environment:checking '/home/jw/ros2_practice/install/my_interfaces/bin'
[4.771s] INFO:colcon.colcon_core.shell:Creating package script '/home/jw/ros2_practice/install/my_interfaces/share/my_interfaces/package.ps1'
[4.772s] INFO:colcon.colcon_core.shell:Creating package descriptor '/home/jw/ros2_practice/install/my_interfaces/share/my_interfaces/package.dsv'
[4.772s] INFO:colcon.colcon_core.shell:Creating package script '/home/jw/ros2_practice/install/my_interfaces/share/my_interfaces/package.sh'
[4.772s] INFO:colcon.colcon_core.shell:Creating package script '/home/jw/ros2_practice/install/my_interfaces/share/my_interfaces/package.bash'
[4.773s] INFO:colcon.colcon_core.shell:Creating package script '/home/jw/ros2_practice/install/my_interfaces/share/my_interfaces/package.zsh'
[4.773s] Level 1:colcon.colcon_core.environment:create_file_with_runtime_dependencies(/home/jw/ros2_practice/install/my_interfaces/share/colcon-core/packages/my_interfaces)
[4.773s] Level 1:colcon.colcon_core.environment:create_environment_scripts_only(my_interfaces)
[4.773s] Level 1:colcon.colcon_core.environment:checking '/home/jw/ros2_practice/install/my_interfaces' for CMake module files
[4.774s] Level 1:colcon.colcon_core.environment:checking '/home/jw/ros2_practice/install/my_interfaces' for CMake config files
[4.774s] Level 1:colcon.colcon_core.shell:create_environment_hook('my_interfaces', 'cmake_prefix_path')
[4.774s] INFO:colcon.colcon_core.shell:Creating environment hook '/home/jw/ros2_practice/install/my_interfaces/share/my_interfaces/hook/cmake_prefix_path.ps1'
[4.774s] INFO:colcon.colcon_core.shell:Creating environment descriptor '/home/jw/ros2_practice/install/my_interfaces/share/my_interfaces/hook/cmake_prefix_path.dsv'
[4.774s] INFO:colcon.colcon_core.shell:Creating environment hook '/home/jw/ros2_practice/install/my_interfaces/share/my_interfaces/hook/cmake_prefix_path.sh'
[4.775s] Level 1:colcon.colcon_core.environment:checking '/home/jw/ros2_practice/install/my_interfaces/lib'
[4.775s] Level 1:colcon.colcon_core.shell:create_environment_hook('my_interfaces', 'ld_library_path_lib')
[4.775s] INFO:colcon.colcon_core.shell:Creating environment hook '/home/jw/ros2_practice/install/my_interfaces/share/my_interfaces/hook/ld_library_path_lib.ps1'
[4.775s] INFO:colcon.colcon_core.shell:Creating environment descriptor '/home/jw/ros2_practice/install/my_interfaces/share/my_interfaces/hook/ld_library_path_lib.dsv'
[4.775s] INFO:colcon.colcon_core.shell:Creating environment hook '/home/jw/ros2_practice/install/my_interfaces/share/my_interfaces/hook/ld_library_path_lib.sh'
[4.776s] Level 1:colcon.colcon_core.environment:checking '/home/jw/ros2_practice/install/my_interfaces/bin'
[4.776s] Level 1:colcon.colcon_core.environment:checking '/home/jw/ros2_practice/install/my_interfaces/lib/pkgconfig/my_interfaces.pc'
[4.776s] Level 1:colcon.colcon_core.environment:checking '/home/jw/ros2_practice/install/my_interfaces/lib/python3.12/site-packages'
[4.776s] Level 1:colcon.colcon_core.shell:create_environment_hook('my_interfaces', 'pythonpath')
[4.776s] INFO:colcon.colcon_core.shell:Creating environment hook '/home/jw/ros2_practice/install/my_interfaces/share/my_interfaces/hook/pythonpath.ps1'
[4.776s] INFO:colcon.colcon_core.shell:Creating environment descriptor '/home/jw/ros2_practice/install/my_interfaces/share/my_interfaces/hook/pythonpath.dsv'
[4.776s] INFO:colcon.colcon_core.shell:Creating environment hook '/home/jw/ros2_practice/install/my_interfaces/share/my_interfaces/hook/pythonpath.sh'
[4.777s] Level 1:colcon.colcon_core.environment:checking '/home/jw/ros2_practice/install/my_interfaces/bin'
[4.777s] INFO:colcon.colcon_core.shell:Creating package script '/home/jw/ros2_practice/install/my_interfaces/share/my_interfaces/package.ps1'
[4.777s] INFO:colcon.colcon_core.shell:Creating package descriptor '/home/jw/ros2_practice/install/my_interfaces/share/my_interfaces/package.dsv'
[4.777s] INFO:colcon.colcon_core.shell:Creating package script '/home/jw/ros2_practice/install/my_interfaces/share/my_interfaces/package.sh'
[4.777s] INFO:colcon.colcon_core.shell:Creating package script '/home/jw/ros2_practice/install/my_interfaces/share/my_interfaces/package.bash'
[4.778s] INFO:colcon.colcon_core.shell:Creating package script '/home/jw/ros2_practice/install/my_interfaces/share/my_interfaces/package.zsh'
[4.778s] Level 1:colcon.colcon_core.environment:create_file_with_runtime_dependencies(/home/jw/ros2_practice/install/my_interfaces/share/colcon-core/packages/my_interfaces)
[4.778s] INFO:colcon.colcon_ros.task.ament_python.build:Building ROS package in '/home/jw/ros2_practice/src/my_service_pkg' with build type 'ament_python'
[4.778s] Level 1:colcon.colcon_core.shell:create_environment_hook('my_service_pkg', 'ament_prefix_path')
[4.778s] INFO:colcon.colcon_core.shell:Creating environment hook '/home/jw/ros2_practice/install/my_service_pkg/share/my_service_pkg/hook/ament_prefix_path.ps1'
[4.779s] INFO:colcon.colcon_core.shell:Creating environment descriptor '/home/jw/ros2_practice/install/my_service_pkg/share/my_service_pkg/hook/ament_prefix_path.dsv'
[4.779s] INFO:colcon.colcon_core.shell:Creating environment hook '/home/jw/ros2_practice/install/my_service_pkg/share/my_service_pkg/hook/ament_prefix_path.sh'
[4.779s] INFO:colcon.colcon_core.shell:Skip shell extension 'powershell' for command environment: Not usable outside of PowerShell
[4.779s] DEBUG:colcon.colcon_core.shell:Skip shell extension 'dsv' for command environment
[4.908s] INFO:colcon.colcon_core.task.python.build:Building Python package in '/home/jw/ros2_practice/src/my_service_pkg'
[4.908s] INFO:colcon.colcon_core.shell:Skip shell extension 'powershell' for command environment: Not usable outside of PowerShell
[4.908s] DEBUG:colcon.colcon_core.shell:Skip shell extension 'dsv' for command environment
[5.242s] DEBUG:colcon.colcon_core.event_handler.log_command:Invoking command in '/home/jw/ros2_practice/build/my_service_pkg': DEBUGINFOD_URLS=https://debuginfod.ubuntu.com LD_LIBRARY_PATH=/home/jw/ros2_practice/install/my_interfaces/lib:${LD_LIBRARY_PATH} PYTHONPATH=/home/jw/ros2_practice/build/my_service_pkg/prefix_override:/usr/lib/python3/dist-packages/colcon_core/task/python/colcon_distutils_commands:/home/jw/ros2_practice/install/my_service_pkg/lib/python3.12/site-packages:/home/jw/ros2_practice/install/my_interfaces/lib/python3.12/site-packages:${PYTHONPATH} /usr/bin/python3 -W ignore:setup.py install is deprecated -W ignore:easy_install command is deprecated setup.py develop --editable --build-directory /home/jw/ros2_practice/build/my_service_pkg/build --no-deps symlink_data
[5.595s] Level 1:colcon.colcon_core.shell:create_environment_hook('my_service_pkg', 'pythonpath_develop')
[5.595s] DEBUG:colcon.colcon_core.event_handler.log_command:Invoked command in '/home/jw/ros2_practice/build/my_service_pkg' returned '0': DEBUGINFOD_URLS=https://debuginfod.ubuntu.com LD_LIBRARY_PATH=/home/jw/ros2_practice/install/my_interfaces/lib:${LD_LIBRARY_PATH} PYTHONPATH=/home/jw/ros2_practice/build/my_service_pkg/prefix_override:/usr/lib/python3/dist-packages/colcon_core/task/python/colcon_distutils_commands:/home/jw/ros2_practice/install/my_service_pkg/lib/python3.12/site-packages:/home/jw/ros2_practice/install/my_interfaces/lib/python3.12/site-packages:${PYTHONPATH} /usr/bin/python3 -W ignore:setup.py install is deprecated -W ignore:easy_install command is deprecated setup.py develop --editable --build-directory /home/jw/ros2_practice/build/my_service_pkg/build --no-deps symlink_data
[5.595s] INFO:colcon.colcon_core.shell:Creating environment hook '/home/jw/ros2_practice/build/my_service_pkg/share/my_service_pkg/hook/pythonpath_develop.ps1'
[5.596s] INFO:colcon.colcon_core.shell:Creating environment descriptor '/home/jw/ros2_practice/build/my_service_pkg/share/my_service_pkg/hook/pythonpath_develop.dsv'
[5.596s] INFO:colcon.colcon_core.shell:Creating environment hook '/home/jw/ros2_practice/build/my_service_pkg/share/my_service_pkg/hook/pythonpath_develop.sh'
[5.596s] Level 1:colcon.colcon_core.environment:checking '/home/jw/ros2_practice/install/my_service_pkg' for CMake module files
[5.596s] Level 1:colcon.colcon_core.environment:checking '/home/jw/ros2_practice/install/my_service_pkg' for CMake config files
[5.597s] Level 1:colcon.colcon_core.environment:checking '/home/jw/ros2_practice/install/my_service_pkg/lib'
[5.597s] Level 1:colcon.colcon_core.environment:checking '/home/jw/ros2_practice/install/my_service_pkg/bin'
[5.597s] Level 1:colcon.colcon_core.environment:checking '/home/jw/ros2_practice/install/my_service_pkg/lib/pkgconfig/my_service_pkg.pc'
[5.597s] Level 1:colcon.colcon_core.environment:checking '/home/jw/ros2_practice/install/my_service_pkg/lib/python3.12/site-packages'
[5.597s] Level 1:colcon.colcon_core.shell:create_environment_hook('my_service_pkg', 'pythonpath')
[5.597s] INFO:colcon.colcon_core.shell:Creating environment hook '/home/jw/ros2_practice/install/my_service_pkg/share/my_service_pkg/hook/pythonpath.ps1'
[5.597s] INFO:colcon.colcon_core.shell:Creating environment descriptor '/home/jw/ros2_practice/install/my_service_pkg/share/my_service_pkg/hook/pythonpath.dsv'
[5.597s] INFO:colcon.colcon_core.shell:Creating environment hook '/home/jw/ros2_practice/install/my_service_pkg/share/my_service_pkg/hook/pythonpath.sh'
[5.598s] Level 1:colcon.colcon_core.environment:checking '/home/jw/ros2_practice/install/my_service_pkg/bin'
[5.598s] Level 1:colcon.colcon_core.environment:create_environment_scripts_only(my_service_pkg)
[5.598s] INFO:colcon.colcon_core.shell:Creating package script '/home/jw/ros2_practice/install/my_service_pkg/share/my_service_pkg/package.ps1'
[5.598s] INFO:colcon.colcon_core.shell:Creating package descriptor '/home/jw/ros2_practice/install/my_service_pkg/share/my_service_pkg/package.dsv'
[5.598s] INFO:colcon.colcon_core.shell:Creating package script '/home/jw/ros2_practice/install/my_service_pkg/share/my_service_pkg/package.sh'
[5.598s] INFO:colcon.colcon_core.shell:Creating package script '/home/jw/ros2_practice/install/my_service_pkg/share/my_service_pkg/package.bash'
[5.599s] INFO:colcon.colcon_core.shell:Creating package script '/home/jw/ros2_practice/install/my_service_pkg/share/my_service_pkg/package.zsh'
[5.599s] Level 1:colcon.colcon_core.environment:create_file_with_runtime_dependencies(/home/jw/ros2_practice/install/my_service_pkg/share/colcon-core/packages/my_service_pkg)
[5.599s] DEBUG:colcon.colcon_parallel_executor.executor.parallel:closing loop
[5.599s] DEBUG:colcon.colcon_parallel_executor.executor.parallel:loop closed
[5.599s] DEBUG:colcon.colcon_parallel_executor.executor.parallel:run_until_complete finished with '0'
[5.599s] DEBUG:colcon.colcon_core.event_reactor:joining thread
[5.605s] INFO:colcon.colcon_core.plugin_system:Skipping extension 'colcon_notification.desktop_notification.terminal_notifier': Not used on non-Darwin systems
[5.605s] INFO:colcon.colcon_core.plugin_system:Skipping extension 'colcon_notification.desktop_notification.win32': Not used on non-Windows systems
[5.605s] INFO:colcon.colcon_notification.desktop_notification:Sending desktop notification using 'notify2'
[5.613s] DEBUG:colcon.colcon_core.event_reactor:joined thread
[5.613s] INFO:colcon.colcon_core.shell:Creating prefix script '/home/jw/ros2_practice/install/local_setup.ps1'
[5.614s] INFO:colcon.colcon_core.shell:Creating prefix util module '/home/jw/ros2_practice/install/_local_setup_util_ps1.py'
[5.615s] INFO:colcon.colcon_core.shell:Creating prefix chain script '/home/jw/ros2_practice/install/setup.ps1'
[5.616s] INFO:colcon.colcon_core.shell:Creating prefix script '/home/jw/ros2_practice/install/local_setup.sh'
[5.616s] INFO:colcon.colcon_core.shell:Creating prefix util module '/home/jw/ros2_practice/install/_local_setup_util_sh.py'
[5.616s] INFO:colcon.colcon_core.shell:Creating prefix chain script '/home/jw/ros2_practice/install/setup.sh'
[5.617s] INFO:colcon.colcon_core.shell:Creating prefix script '/home/jw/ros2_practice/install/local_setup.bash'
[5.618s] INFO:colcon.colcon_core.shell:Creating prefix chain script '/home/jw/ros2_practice/install/setup.bash'
[5.619s] INFO:colcon.colcon_core.shell:Creating prefix script '/home/jw/ros2_practice/install/local_setup.zsh'
[5.619s] INFO:colcon.colcon_core.shell:Creating prefix chain script '/home/jw/ros2_practice/install/setup.zsh'
